find_header: checking for SpiceUsr.h... -------------------- yes

"gcc -o conftest -I/home/gaurav/.rvm/rubies/ruby-2.2.2/include/ruby-2.2.0/x86_64-linux -I/home/gaurav/.rvm/rubies/ruby-2.2.2/include/ruby-2.2.0/ruby/backward -I/home/gaurav/.rvm/rubies/ruby-2.2.2/include/ruby-2.2.0 -I. -I/home/gaurav/.rvm/rubies/ruby-2.2.2/include -I/home/gaurav/SciRuby/spicerub/ext/spicerub/cspice/include     -O3 -fno-fast-math -ggdb3 -Wall -Wextra -Wno-unused-parameter -Wno-parentheses -Wno-long-long -Wno-missing-field-initializers -Wunused-variable -Wpointer-arith -Wwrite-strings -Wdeclaration-after-statement -Wimplicit-function-declaration -Wdeprecated-declarations -Wno-packed-bitfield-compat  -fPIC conftest.c  -L/home/gaurav/.rvm/rubies/ruby-2.2.2/lib -Wl,-R/home/gaurav/.rvm/rubies/ruby-2.2.2/lib -L/home/gaurav/SciRuby/spicerub/ext/spicerub/cspice/lib -Wl,-R/home/gaurav/SciRuby/spicerub/ext/spicerub/cspice/lib -L. -L/home/gaurav/.rvm/rubies/ruby-2.2.2/lib -Wl,-R/home/gaurav/.rvm/rubies/ruby-2.2.2/lib -L. -fstack-protector -rdynamic -Wl,-export-dynamic   -lcspice  -Wl,-rpath,'/../lib' -Wl,-R'/../lib' -lruby  -lpthread -ldl -lcrypt -lm   -lc"
checked program was:
/* begin */
1: #include "ruby.h"
2: 
3: int main(int argc, char **argv)
4: {
5:   return 0;
6: }
/* end */

"gcc -E -I/home/gaurav/.rvm/rubies/ruby-2.2.2/include/ruby-2.2.0/x86_64-linux -I/home/gaurav/.rvm/rubies/ruby-2.2.2/include/ruby-2.2.0/ruby/backward -I/home/gaurav/.rvm/rubies/ruby-2.2.2/include/ruby-2.2.0 -I. -I/home/gaurav/.rvm/rubies/ruby-2.2.2/include -I/home/gaurav/SciRuby/spicerub/ext/spicerub/cspice/include     -O3 -fno-fast-math -ggdb3 -Wall -Wextra -Wno-unused-parameter -Wno-parentheses -Wno-long-long -Wno-missing-field-initializers -Wunused-variable -Wpointer-arith -Wwrite-strings -Wdeclaration-after-statement -Wimplicit-function-declaration -Wdeprecated-declarations -Wno-packed-bitfield-compat  -fPIC  conftest.c -o conftest.i"
checked program was:
/* begin */
1: #include "ruby.h"
2: 
3: #include <SpiceUsr.h>
/* end */

--------------------

find_library: checking for furnsh_c() in -lcspice... -------------------- yes

"gcc -o conftest -I/home/gaurav/.rvm/rubies/ruby-2.2.2/include/ruby-2.2.0/x86_64-linux -I/home/gaurav/.rvm/rubies/ruby-2.2.2/include/ruby-2.2.0/ruby/backward -I/home/gaurav/.rvm/rubies/ruby-2.2.2/include/ruby-2.2.0 -I. -I/home/gaurav/.rvm/rubies/ruby-2.2.2/include -I/home/gaurav/SciRuby/spicerub/ext/spicerub/cspice/include     -O3 -fno-fast-math -ggdb3 -Wall -Wextra -Wno-unused-parameter -Wno-parentheses -Wno-long-long -Wno-missing-field-initializers -Wunused-variable -Wpointer-arith -Wwrite-strings -Wdeclaration-after-statement -Wimplicit-function-declaration -Wdeprecated-declarations -Wno-packed-bitfield-compat  -fPIC conftest.c  -L/home/gaurav/.rvm/rubies/ruby-2.2.2/lib -Wl,-R/home/gaurav/.rvm/rubies/ruby-2.2.2/lib -L/home/gaurav/SciRuby/spicerub/ext/spicerub/cspice/lib -Wl,-R/home/gaurav/SciRuby/spicerub/ext/spicerub/cspice/lib -L. -L/home/gaurav/.rvm/rubies/ruby-2.2.2/lib -Wl,-R/home/gaurav/.rvm/rubies/ruby-2.2.2/lib -L. -fstack-protector -rdynamic -Wl,-export-dynamic   -lcspice  -Wl,-rpath,'/../lib' -Wl,-R'/../lib' -lruby -lcspice  -lpthread -ldl -lcrypt -lm   -lc"
conftest.c: In function ‘t’:
conftest.c:13:57: error: ‘furnsh_c’ undeclared (first use in this function)
 int t(void) { void ((*volatile p)()); p = (void ((*)()))furnsh_c; return 0; }
                                                         ^
conftest.c:13:57: note: each undeclared identifier is reported only once for each function it appears in
conftest.c:13:32: warning: variable ‘p’ set but not used [-Wunused-but-set-variable]
 int t(void) { void ((*volatile p)()); p = (void ((*)()))furnsh_c; return 0; }
                                ^
checked program was:
/* begin */
 1: #include "ruby.h"
 2: 
 3: /*top*/
 4: extern int t(void);
 5: int main(int argc, char **argv)
 6: {
 7:   if (argc > 1000000) {
 8:     printf("%p", &t);
 9:   }
10: 
11:   return 0;
12: }
13: int t(void) { void ((*volatile p)()); p = (void ((*)()))furnsh_c; return 0; }
/* end */

"gcc -o conftest -I/home/gaurav/.rvm/rubies/ruby-2.2.2/include/ruby-2.2.0/x86_64-linux -I/home/gaurav/.rvm/rubies/ruby-2.2.2/include/ruby-2.2.0/ruby/backward -I/home/gaurav/.rvm/rubies/ruby-2.2.2/include/ruby-2.2.0 -I. -I/home/gaurav/.rvm/rubies/ruby-2.2.2/include -I/home/gaurav/SciRuby/spicerub/ext/spicerub/cspice/include     -O3 -fno-fast-math -ggdb3 -Wall -Wextra -Wno-unused-parameter -Wno-parentheses -Wno-long-long -Wno-missing-field-initializers -Wunused-variable -Wpointer-arith -Wwrite-strings -Wdeclaration-after-statement -Wimplicit-function-declaration -Wdeprecated-declarations -Wno-packed-bitfield-compat  -fPIC conftest.c  -L/home/gaurav/.rvm/rubies/ruby-2.2.2/lib -Wl,-R/home/gaurav/.rvm/rubies/ruby-2.2.2/lib -L/home/gaurav/SciRuby/spicerub/ext/spicerub/cspice/lib -Wl,-R/home/gaurav/SciRuby/spicerub/ext/spicerub/cspice/lib -L. -L/home/gaurav/.rvm/rubies/ruby-2.2.2/lib -Wl,-R/home/gaurav/.rvm/rubies/ruby-2.2.2/lib -L. -fstack-protector -rdynamic -Wl,-export-dynamic   -lcspice  -Wl,-rpath,'/../lib' -Wl,-R'/../lib' -lruby -lcspice  -lpthread -ldl -lcrypt -lm   -lc"
conftest.c: In function ‘t’:
conftest.c:13:1: warning: implicit declaration of function ‘furnsh_c’ [-Wimplicit-function-declaration]
 int t(void) { furnsh_c(); return 0; }
 ^
checked program was:
/* begin */
 1: #include "ruby.h"
 2: 
 3: /*top*/
 4: extern int t(void);
 5: int main(int argc, char **argv)
 6: {
 7:   if (argc > 1000000) {
 8:     printf("%p", &t);
 9:   }
10: 
11:   return 0;
12: }
13: int t(void) { furnsh_c(); return 0; }
/* end */

--------------------

